[14:29:34] [main/INFO] (FabricLoader/GameProvider) Loading Minecraft 1.20.1 with Fabric Loader 0.18.3
[14:29:34] [main/INFO] (FabricLoader) Loading 59 mods:
	- fabric-api 0.92.6+1.20.1
	- fabric-api-base 0.4.32+1802ada577
	- fabric-api-lookup-api-v1 1.6.37+1802ada577
	- fabric-biome-api-v1 13.0.14+1802ada577
	- fabric-block-api-v1 1.0.12+1802ada577
	- fabric-block-view-api-v2 1.0.3+924f046a77
	- fabric-blockrenderlayer-v1 1.1.42+1802ada577
	- fabric-client-tags-api-v1 1.1.3+1802ada577
	- fabric-command-api-v1 1.2.35+f71b366f77
	- fabric-command-api-v2 2.2.14+1802ada577
	- fabric-commands-v0 0.2.52+df3654b377
	- fabric-containers-v0 0.1.67+df3654b377
	- fabric-content-registries-v0 4.0.13+1802ada577
	- fabric-convention-tags-v1 1.5.6+1802ada577
	- fabric-crash-report-info-v1 0.2.20+1802ada577
	- fabric-data-attachment-api-v1 1.0.2+de0fd6d177
	- fabric-data-generation-api-v1 12.3.7+1802ada577
	- fabric-dimensions-v1 2.1.55+1802ada577
	- fabric-entity-events-v1 1.6.1+1c78457f77
	- fabric-events-interaction-v0 0.6.5+13a40c6677
	- fabric-events-lifecycle-v0 0.2.64+df3654b377
	- fabric-game-rule-api-v1 1.0.41+1802ada577
	- fabric-gametest-api-v1 1.2.15+1802ada577
	- fabric-item-api-v1 2.1.29+1802ada577
	- fabric-item-group-api-v1 4.0.14+1802ada577
	- fabric-key-binding-api-v1 1.0.38+1802ada577
	- fabric-keybindings-v0 0.2.36+df3654b377
	- fabric-lifecycle-events-v1 2.2.23+1802ada577
	- fabric-loot-api-v2 1.2.3+1802ada577
	- fabric-loot-tables-v1 1.1.47+9e7660c677
	- fabric-message-api-v1 5.1.10+1802ada577
	- fabric-mining-level-api-v1 2.1.52+1802ada577
	- fabric-model-loading-api-v1 1.0.4+1802ada577
	- fabric-models-v0 0.4.3+9386d8a777
	- fabric-networking-api-v1 1.3.14+a158aa0477
	- fabric-networking-v0 0.3.54+df3654b377
	- fabric-object-builder-api-v1 11.1.5+e35120df77
	- fabric-particles-v1 1.1.3+1802ada577
	- fabric-recipe-api-v1 1.0.24+1802ada577
	- fabric-registry-sync-v0 2.3.6+1802ada577
	- fabric-renderer-api-v1 3.2.2+1802ada577
	- fabric-renderer-indigo 1.5.3+85287f9f77
	- fabric-renderer-registries-v1 3.2.47+df3654b377
	- fabric-rendering-data-attachment-v1 0.3.39+92a0d36777
	- fabric-rendering-fluids-v1 3.0.29+1802ada577
	- fabric-rendering-v0 1.1.50+df3654b377
	- fabric-rendering-v1 3.0.9+1802ada577
	- fabric-resource-conditions-api-v1 2.3.9+1802ada577
	- fabric-resource-loader-v0 0.11.12+fb82e9d777
	- fabric-screen-api-v1 2.0.9+1802ada577
	- fabric-screen-handler-api-v1 1.3.33+1802ada577
	- fabric-sound-api-v1 1.0.14+1802ada577
	- fabric-transfer-api-v1 3.3.6+8dd72ea377
	- fabric-transitive-access-wideners-v1 4.3.2+1802ada577
	- fabricloader 0.18.3
	- java 23
	- minecraft 1.20.1
	- mixinextras 0.5.0
	- szar 26.2.9
[14:29:35] [main/INFO] (FabricLoader/Mixin) SpongePowered MIXIN Subsystem Version=0.8.7 Source=file:/C:/Users/gergo/scoop/persist/gradle/.gradle/caches/modules-2/files-2.1/net.fabricmc/sponge-mixin/0.16.5+mixin.0.8.7/80fc3a9f592673cea87f4cd702f87991c6c9fe4d/sponge-mixin-0.16.5+mixin.0.8.7.jar Service=Knot/Fabric Env=CLIENT
[14:29:35] [main/INFO] (FabricLoader/Mixin) Loaded Fabric development mappings for mixin remapper!
[14:29:35] [main/INFO] (FabricLoader/Mixin) Compatibility level set to JAVA_16
[14:29:35] [main/INFO] (FabricLoader/Mixin) Compatibility level set to JAVA_17
[14:29:36] [main/INFO] (FabricLoader/MixinExtras|Service) Initializing MixinExtras via com.llamalad7.mixinextras.service.MixinExtrasServiceImpl(version=0.5.0).
[14:29:40] [Datafixer Bootstrap/INFO] (Minecraft) 188 Datafixer optimizations took 107 milliseconds
[14:29:41] [Render thread/INFO] (Minecraft) [STDERR]: [LWJGL] [ThreadLocalUtil] Unsupported JNI version detected, this may result in a crash. Please inform LWJGL developers.
[14:29:42] [Render thread/INFO] (Minecraft) Environment: authHost='https://authserver.mojang.com', accountsHost='https://api.mojang.com', sessionHost='https://sessionserver.mojang.com', servicesHost='https://api.minecraftservices.com', name='PROD'
[14:29:42] [Render thread/ERROR] (Minecraft) Failed to verify authentication
com.mojang.authlib.exceptions.InvalidCredentialsException: Status: 401
	at com.mojang.authlib.exceptions.MinecraftClientHttpException.toAuthenticationException(MinecraftClientHttpException.java:56) ~[authlib-4.0.43.jar:?]
	at com.mojang.authlib.yggdrasil.YggdrasilUserApiService.fetchProperties(YggdrasilUserApiService.java:156) ~[authlib-4.0.43.jar:?]
	at com.mojang.authlib.yggdrasil.YggdrasilUserApiService.<init>(YggdrasilUserApiService.java:55) ~[authlib-4.0.43.jar:?]
	at com.mojang.authlib.yggdrasil.YggdrasilAuthenticationService.createUserApiService(YggdrasilAuthenticationService.java:124) ~[authlib-4.0.43.jar:?]
	at net.minecraft.client.MinecraftClient.createUserApiService(MinecraftClient.java:733) ~[minecraft-clientOnly-da33801056-1.20.1-net.fabricmc.yarn.1_20_1.1.20.1+build.10-v2.jar:?]
	at net.minecraft.client.MinecraftClient.<init>(MinecraftClient.java:442) ~[minecraft-clientOnly-da33801056-1.20.1-net.fabricmc.yarn.1_20_1.1.20.1+build.10-v2.jar:?]
	at net.minecraft.client.main.Main.main(Main.java:211) ~[minecraft-clientOnly-da33801056-1.20.1-net.fabricmc.yarn.1_20_1.1.20.1+build.10-v2.jar:?]
	at net.fabricmc.loader.impl.game.minecraft.MinecraftGameProvider.launch(MinecraftGameProvider.java:514) ~[fabric-loader-0.18.3.jar:?]
	at net.fabricmc.loader.impl.launch.knot.Knot.launch(Knot.java:72) ~[fabric-loader-0.18.3.jar:?]
	at net.fabricmc.loader.impl.launch.knot.KnotClient.main(KnotClient.java:23) ~[fabric-loader-0.18.3.jar:?]
	at net.fabricmc.devlaunchinjector.Main.main(Main.java:86) ~[dev-launch-injector-0.2.1+build.8.jar:?]
Caused by: com.mojang.authlib.exceptions.MinecraftClientHttpException: Status: 401
	at com.mojang.authlib.minecraft.client.MinecraftClient.readInputStream(MinecraftClient.java:85) ~[authlib-4.0.43.jar:?]
	at com.mojang.authlib.minecraft.client.MinecraftClient.get(MinecraftClient.java:48) ~[authlib-4.0.43.jar:?]
	at com.mojang.authlib.yggdrasil.YggdrasilUserApiService.fetchProperties(YggdrasilUserApiService.java:129) ~[authlib-4.0.43.jar:?]
	... 9 more
[14:29:42] [Render thread/INFO] (Minecraft) Setting user: TGdoesCode
[14:29:43] [Render thread/INFO] (Indigo) [Indigo] Registering Indigo renderer!
[14:29:43] [Render thread/INFO] (Minecraft) Backend library: LWJGL version 3.3.2-snapshot
[14:29:44] [Worker-Main-2/ERROR] (Minecraft) Failed to retrieve profile key pair
java.io.IOException: Could not retrieve profile key pair
	at net.minecraft.client.util.ProfileKeysImpl.fetchKeyPair(ProfileKeysImpl.java:139) ~[minecraft-clientOnly-da33801056-1.20.1-net.fabricmc.yarn.1_20_1.1.20.1+build.10-v2.jar:?]
	at net.minecraft.client.util.ProfileKeysImpl.method_44291(ProfileKeysImpl.java:79) ~[minecraft-clientOnly-da33801056-1.20.1-net.fabricmc.yarn.1_20_1.1.20.1+build.10-v2.jar:?]
	at java.util.concurrent.CompletableFuture$AsyncSupply.run(CompletableFuture.java:1812) ~[?:?]
	at java.util.concurrent.CompletableFuture$AsyncSupply.exec(CompletableFuture.java:1804) ~[?:?]
	at java.util.concurrent.ForkJoinTask.doExec(ForkJoinTask.java:507) ~[?:?]
	at java.util.concurrent.ForkJoinPool$WorkQueue.topLevelExec(ForkJoinPool.java:1460) ~[?:?]
	at java.util.concurrent.ForkJoinPool.runWorker(ForkJoinPool.java:2036) ~[?:?]
	at java.util.concurrent.ForkJoinWorkerThread.run(ForkJoinWorkerThread.java:189) ~[?:?]
[14:29:44] [Render thread/INFO] (Minecraft) Reloading ResourceManager: vanilla, fabric (fabric-containers-v0, fabric-sound-api-v1, fabric-registry-sync-v0, fabric-resource-conditions-api-v1, fabric-screen-handler-api-v1, fabric-mining-level-api-v1, fabric-client-tags-api-v1, fabric-commands-v0, fabric-item-group-api-v1, fabric-loot-tables-v1, fabric-api, fabric-recipe-api-v1, fabric-events-interaction-v0, fabric-transfer-api-v1, fabric-command-api-v2, fabric-transitive-access-wideners-v1, szar, fabric-renderer-registries-v1, fabric-data-generation-api-v1, fabric-data-attachment-api-v1, fabric-object-builder-api-v1, fabric-blockrenderlayer-v1, fabric-particles-v1, fabric-api-lookup-api-v1, fabric-command-api-v1, fabric-renderer-api-v1, fabric-models-v0, fabricloader, fabric-key-binding-api-v1, fabric-renderer-indigo, fabric-block-view-api-v2, fabric-biome-api-v1, fabric-rendering-data-attachment-v1, fabric-convention-tags-v1, fabric-api-base, fabric-dimensions-v1, fabric-events-lifecycle-v0, fabric-message-api-v1, fabric-networking-v0, fabric-entity-events-v1, fabric-rendering-fluids-v1, fabric-game-rule-api-v1, fabric-networking-api-v1, fabric-resource-loader-v0, fabric-rendering-v0, fabric-content-registries-v0, fabric-rendering-v1, fabric-crash-report-info-v1, fabric-gametest-api-v1, fabric-item-api-v1, fabric-screen-api-v1, fabric-block-api-v1, fabric-model-loading-api-v1, fabric-loot-api-v2, fabric-lifecycle-events-v1, fabric-keybindings-v0)
[14:29:44] [Worker-Main-5/INFO] (Minecraft) Found unifont_all_no_pua-15.0.06.hex, loading
[14:29:44] [Worker-Main-9/WARN] (Minecraft) Texture szar:block/chemical_2 with size 120x120 limits mip level from 4 to 3
[14:29:44] [Worker-Main-9/WARN] (Minecraft) Texture szar:item/handcuffs with size 260x280 limits mip level from 3 to 2
[14:29:44] [Worker-Main-9/WARN] (Minecraft) minecraft:textures/atlas/blocks.png: dropping miplevel from 4 to 2, because of minimum power of two: 4
[14:29:45] [Worker-Main-13/WARN] (Minecraft) Unable to load model: 'szar:item/weed_joint_held' referenced from: szar:weed_joint#inventory: java.io.FileNotFoundException: szar:models/item/weed_joint_held.json
[14:29:45] [Realms Notification Availability checker #1/INFO] (Minecraft) Could not authorize you against Realms server: javax.ws.rs.NotAuthorizedException: HTTP 401 Unauthorized
[14:29:45] [Render thread/WARN] (Minecraft) Missing sound for event: minecraft:item.goat_horn.play
[14:29:45] [Render thread/WARN] (Minecraft) Missing sound for event: minecraft:entity.goat.screaming.horn_break
[14:29:45] [Render thread/INFO] (Minecraft) OpenAL initialized on device OpenAL Soft on VG32AQA1A (NVIDIA High Definition Audio)
[14:29:45] [Render thread/INFO] (Minecraft) Sound engine started
[14:29:45] [Render thread/INFO] (Minecraft) Created: 1024x1024x2 minecraft:textures/atlas/blocks.png-atlas
[14:29:45] [Render thread/INFO] (Minecraft) Created: 256x256x4 minecraft:textures/atlas/signs.png-atlas
[14:29:45] [Render thread/INFO] (Minecraft) Created: 512x512x4 minecraft:textures/atlas/shield_patterns.png-atlas
[14:29:45] [Render thread/INFO] (Minecraft) Created: 512x512x4 minecraft:textures/atlas/banner_patterns.png-atlas
[14:29:45] [Render thread/INFO] (Minecraft) Created: 1024x1024x4 minecraft:textures/atlas/armor_trims.png-atlas
[14:29:45] [Render thread/INFO] (Minecraft) Created: 128x64x4 minecraft:textures/atlas/decorated_pot.png-atlas
[14:29:45] [Render thread/INFO] (Minecraft) Created: 256x256x4 minecraft:textures/atlas/chest.png-atlas
[14:29:45] [Render thread/INFO] (Minecraft) Created: 512x256x4 minecraft:textures/atlas/beds.png-atlas
[14:29:45] [Render thread/INFO] (Minecraft) Created: 512x256x4 minecraft:textures/atlas/shulker_boxes.png-atlas
[14:29:46] [Render thread/WARN] (Minecraft) Shader rendertype_entity_translucent_emissive could not find sampler named Sampler2 in the specified shader program.
[14:29:46] [Render thread/INFO] (Minecraft) Created: 256x256x0 minecraft:textures/atlas/particles.png-atlas
[14:29:46] [Render thread/INFO] (Minecraft) Created: 256x256x0 minecraft:textures/atlas/paintings.png-atlas
[14:29:46] [Render thread/INFO] (Minecraft) Created: 256x128x0 minecraft:textures/atlas/mob_effects.png-atlas
[14:29:49] [Render thread/INFO] (FabricRegistrySync) [fabric-registry-sync] Loaded registry data [file 1/4]
[14:29:50] [Render thread/INFO] (Minecraft) Loaded 7 recipes
[14:29:50] [Render thread/INFO] (Minecraft) Loaded 1273 advancements
[14:29:50] [Render thread/INFO] (BiomeModificationImpl) Applied 20 biome modifications to 12 of 64 new biomes in 5.544 ms
[14:29:50] [Server thread/INFO] (Minecraft) Starting integrated minecraft server version 1.20.1
[14:29:50] [Server thread/INFO] (Minecraft) Generating keypair
[14:29:51] [Server thread/INFO] (Minecraft) Preparing start region for dimension minecraft:overworld
[14:29:52] [Render thread/INFO] (Minecraft) Preparing spawn area: 0%
[14:29:52] [Render thread/INFO] (Minecraft) Preparing spawn area: 0%
[14:29:52] [Render thread/INFO] (Minecraft) Preparing spawn area: 0%
[14:29:52] [Render thread/INFO] (Minecraft) Preparing spawn area: 0%
[14:29:53] [Render thread/INFO] (Minecraft) Preparing spawn area: 6%
[14:29:53] [Render thread/INFO] (Minecraft) Time elapsed: 2259 ms
[14:29:53] [Server thread/INFO] (Minecraft) Changing view distance to 12, from 10
[14:29:53] [Server thread/INFO] (Minecraft) Changing simulation distance to 12, from 0
[14:29:54] [Server thread/INFO] (Minecraft) TGdoesCode[local:E:780d4292] logged in with entity id 239 at (330.02444655834717, 72.8904146382414, -238.08668514043322)
[14:29:54] [Server thread/INFO] (Minecraft) TGdoesCode joined the game
[14:29:55] [Render thread/INFO] (Minecraft) Loaded 134 advancements
[14:29:57] [Render thread/INFO] (Minecraft) [System] [CHAT] [Debug]: Hitboxes: shown
[14:30:21] [Server thread/INFO] (Minecraft) [TGdoesCode: Killed Atom]
[14:30:21] [Render thread/INFO] (Minecraft) [System] [CHAT] Killed Atom
[14:30:50] [Server thread/INFO] (Minecraft) [TGdoesCode: Successfully filled 1 block(s)]
[14:30:50] [Render thread/INFO] (Minecraft) [System] [CHAT] Successfully filled 1 block(s)
[14:31:17] [Server thread/INFO] (Minecraft) [TGdoesCode: Summoned new Atom]
[14:31:17] [Render thread/INFO] (Minecraft) [System] [CHAT] Summoned new Atom
[14:31:28] [Server thread/INFO] (Minecraft) [TGdoesCode: Successfully filled 1 block(s)]
[14:31:28] [Render thread/INFO] (Minecraft) [System] [CHAT] Successfully filled 1 block(s)
[14:31:52] [Server thread/INFO] (Minecraft) [TGdoesCode: Killed Atom]
[14:31:53] [Render thread/INFO] (Minecraft) [System] [CHAT] Killed Atom
[14:32:37] [Server thread/INFO] (Minecraft) [TGdoesCode: Teleported TGdoesCode to 160.540000, 63.000000, -98.240000]
[14:32:37] [Render thread/INFO] (Minecraft) [System] [CHAT] Teleported TGdoesCode to 160.540000, 63.000000, -98.240000
[14:32:40] [Server thread/INFO] (Minecraft) [TGdoesCode: Set own game mode to Spectator Mode]
[14:32:40] [Render thread/INFO] (Minecraft) [System] [CHAT] Set own game mode to Spectator Mode
[14:32:43] [Server thread/INFO] (Minecraft) [TGdoesCode: Set own game mode to Creative Mode]
[14:32:43] [Render thread/INFO] (Minecraft) [System] [CHAT] Set own game mode to Creative Mode
[14:32:52] [Server thread/INFO] (Minecraft) [TGdoesCode: Teleported TGdoesCode to 160.500000, 63.000000, -98.500000]
[14:32:52] [Render thread/INFO] (Minecraft) [System] [CHAT] Teleported TGdoesCode to 160.500000, 63.000000, -98.500000
[14:32:54] [Server thread/INFO] (szar) TGdoesCode's joint level is now 0
[14:32:59] [Server thread/INFO] (Minecraft) [TGdoesCode: Summoned new Atom]
[14:32:59] [Render thread/INFO] (Minecraft) [System] [CHAT] Summoned new Atom
[14:33:23] [Render thread/INFO] (Minecraft) [System] [CHAT] [Debug]: Hitboxes: hidden
[14:33:25] [Render thread/INFO] (Minecraft) [System] [CHAT] [Debug]: Hitboxes: shown
[14:33:31] [Server thread/INFO] (Minecraft) [TGdoesCode: Killed Atom]
[14:33:31] [Render thread/INFO] (Minecraft) [System] [CHAT] Killed Atom
[14:33:35] [Server thread/INFO] (Minecraft) Saving and pausing game...
[14:33:35] [Server thread/INFO] (Minecraft) Saving chunks for level 'ServerLevel[New World]'/minecraft:overworld
[14:33:35] [Server thread/INFO] (Minecraft) Saving chunks for level 'ServerLevel[New World]'/minecraft:the_end
[14:33:35] [Server thread/INFO] (Minecraft) Saving chunks for level 'ServerLevel[New World]'/minecraft:the_nether
[14:34:02] [Render thread/INFO] (Minecraft) [System] [CHAT] Command set: summon szar:atom ~ ~-3.0 ~  {NoGravity:1b,PersistenceRequired:1b}
[14:34:06] [Server thread/INFO] (Minecraft) [TGdoesCode: Killed Atom]
[14:34:06] [Render thread/INFO] (Minecraft) [System] [CHAT] Killed Atom
[14:34:08] [Server thread/INFO] (Minecraft) Saving and pausing game...
[14:34:08] [Server thread/INFO] (Minecraft) Saving chunks for level 'ServerLevel[New World]'/minecraft:overworld
[14:34:08] [Server thread/INFO] (Minecraft) Saving chunks for level 'ServerLevel[New World]'/minecraft:the_end
[14:34:08] [Server thread/INFO] (Minecraft) Saving chunks for level 'ServerLevel[New World]'/minecraft:the_nether
[14:34:11] [Render thread/INFO] (Minecraft) [System] [CHAT] Command set: summon szar:atom ~ ~-3.5 ~  {NoGravity:1b,PersistenceRequired:1b}
[14:34:26] [Render thread/INFO] (Minecraft) [System] [CHAT] [Debug]: Hitboxes: hidden
[14:35:00] [Server thread/INFO] (Minecraft) [TGdoesCode: Set the time to 1000]
[14:35:00] [Render thread/INFO] (Minecraft) [System] [CHAT] Set the time to 1000
[14:35:37] [Server thread/INFO] (Minecraft) Saving and pausing game...
[14:35:37] [Server thread/INFO] (Minecraft) Saving chunks for level 'ServerLevel[New World]'/minecraft:overworld
[14:35:37] [Server thread/INFO] (Minecraft) Saving chunks for level 'ServerLevel[New World]'/minecraft:the_end
[14:35:37] [Server thread/INFO] (Minecraft) Saving chunks for level 'ServerLevel[New World]'/minecraft:the_nether
[14:35:56] [Server thread/INFO] (Minecraft) Saving and pausing game...
[14:35:56] [Server thread/INFO] (Minecraft) Saving chunks for level 'ServerLevel[New World]'/minecraft:overworld
[14:35:56] [Server thread/INFO] (Minecraft) Saving chunks for level 'ServerLevel[New World]'/minecraft:the_end
[14:35:56] [Server thread/INFO] (Minecraft) Saving chunks for level 'ServerLevel[New World]'/minecraft:the_nether
[14:36:04] [Server thread/INFO] (Minecraft) Saving and pausing game...
[14:36:04] [Server thread/INFO] (Minecraft) Saving chunks for level 'ServerLevel[New World]'/minecraft:overworld
[14:36:04] [Server thread/INFO] (Minecraft) Saving chunks for level 'ServerLevel[New World]'/minecraft:the_end
[14:36:04] [Server thread/INFO] (Minecraft) Saving chunks for level 'ServerLevel[New World]'/minecraft:the_nether
[14:36:21] [Server thread/INFO] (Minecraft) Saving and pausing game...
[14:36:21] [Server thread/INFO] (Minecraft) Saving chunks for level 'ServerLevel[New World]'/minecraft:overworld
[14:36:21] [Server thread/INFO] (Minecraft) Saving chunks for level 'ServerLevel[New World]'/minecraft:the_end
[14:36:21] [Server thread/INFO] (Minecraft) Saving chunks for level 'ServerLevel[New World]'/minecraft:the_nether
[14:36:37] [Server thread/INFO] (szar) TGdoesCode's joint level is now 0
[14:39:37] [Server thread/INFO] (szar) TGdoesCode's joint level is now 0
[14:40:06] [Render thread/WARN] (Minecraft) Unable to play empty soundEvent: minecraft:entity.salmon.ambient
[14:40:14] [Server thread/INFO] (Minecraft) [TGdoesCode: Teleported TGdoesCode to 155.500000, 63.000000, -63.500000]
[14:40:14] [Render thread/INFO] (Minecraft) [System] [CHAT] Teleported TGdoesCode to 155.500000, 63.000000, -63.500000
[14:40:55] [Render thread/INFO] (Minecraft) [System] [CHAT] No entity was found
[14:41:09] [Server thread/INFO] (Minecraft) [TGdoesCode: Teleported TGdoesCode to 155.500000, 63.000000, -63.500000]
[14:41:09] [Render thread/INFO] (Minecraft) [System] [CHAT] Teleported TGdoesCode to 155.500000, 63.000000, -63.500000
[14:41:12] [Server thread/INFO] (Minecraft) [TGdoesCode: Teleported TGdoesCode to 155.500000, 63.000000, -63.500000]
[14:41:12] [Render thread/INFO] (Minecraft) [System] [CHAT] Teleported TGdoesCode to 155.500000, 63.000000, -63.500000
[14:41:14] [Server thread/INFO] (Minecraft) [TGdoesCode: Teleported TGdoesCode to 155.500000, 63.000000, -63.500000]
[14:41:14] [Render thread/INFO] (Minecraft) [System] [CHAT] Teleported TGdoesCode to 155.500000, 63.000000, -63.500000
[14:41:16] [Server thread/INFO] (Minecraft) [TGdoesCode: Teleported TGdoesCode to 155.500000, 63.000000, -63.500000]
[14:41:16] [Render thread/INFO] (Minecraft) [System] [CHAT] Teleported TGdoesCode to 155.500000, 63.000000, -63.500000
[14:41:19] [Server thread/INFO] (Minecraft) [TGdoesCode: Teleported TGdoesCode to 155.500000, 63.000000, -63.500000]
[14:41:19] [Render thread/INFO] (Minecraft) [System] [CHAT] Teleported TGdoesCode to 155.500000, 63.000000, -63.500000
[14:41:23] [Server thread/INFO] (Minecraft) [TGdoesCode: Teleported TGdoesCode to 155.500000, 63.000000, -63.500000]
[14:41:23] [Render thread/INFO] (Minecraft) [System] [CHAT] Teleported TGdoesCode to 155.500000, 63.000000, -63.500000
[14:41:26] [Server thread/INFO] (Minecraft) [TGdoesCode: Teleported TGdoesCode to 155.500000, 63.000000, -63.500000]
[14:41:26] [Render thread/INFO] (Minecraft) [System] [CHAT] Teleported TGdoesCode to 155.500000, 63.000000, -63.500000
[14:41:28] [Server thread/INFO] (Minecraft) [TGdoesCode: Teleported TGdoesCode to 155.500000, 63.000000, -63.500000]
[14:41:28] [Render thread/INFO] (Minecraft) [System] [CHAT] Teleported TGdoesCode to 155.500000, 63.000000, -63.500000
[14:41:34] [Server thread/INFO] (Minecraft) Saving and pausing game...
[14:41:34] [Server thread/INFO] (Minecraft) Saving chunks for level 'ServerLevel[New World]'/minecraft:overworld
[14:41:34] [Server thread/INFO] (Minecraft) Saving chunks for level 'ServerLevel[New World]'/minecraft:the_end
[14:41:34] [Server thread/INFO] (Minecraft) Saving chunks for level 'ServerLevel[New World]'/minecraft:the_nether
[14:42:47] [Server thread/INFO] (Minecraft) Saving and pausing game...
[14:42:47] [Server thread/INFO] (Minecraft) Saving chunks for level 'ServerLevel[New World]'/minecraft:overworld
[14:42:47] [Server thread/INFO] (Minecraft) Saving chunks for level 'ServerLevel[New World]'/minecraft:the_end
[14:42:47] [Server thread/INFO] (Minecraft) Saving chunks for level 'ServerLevel[New World]'/minecraft:the_nether
[14:43:11] [Server thread/INFO] (Minecraft) [TGdoesCode: Teleported TGdoesCode to 155.500000, 63.000000, -63.500000]
[14:43:11] [Render thread/INFO] (Minecraft) [System] [CHAT] Teleported TGdoesCode to 155.500000, 63.000000, -63.500000
[14:43:12] [Server thread/INFO] (Minecraft) Saving and pausing game...
[14:43:12] [Server thread/INFO] (Minecraft) Saving chunks for level 'ServerLevel[New World]'/minecraft:overworld
[14:43:12] [Server thread/INFO] (Minecraft) Saving chunks for level 'ServerLevel[New World]'/minecraft:the_end
[14:43:12] [Server thread/INFO] (Minecraft) Saving chunks for level 'ServerLevel[New World]'/minecraft:the_nether
[14:43:30] [Server thread/INFO] (szar) TGdoesCode's joint level is now 0
[14:43:58] [Server thread/INFO] (Minecraft) Saving and pausing game...
[14:43:58] [Server thread/INFO] (Minecraft) Saving chunks for level 'ServerLevel[New World]'/minecraft:overworld
[14:43:58] [Server thread/INFO] (Minecraft) Saving chunks for level 'ServerLevel[New World]'/minecraft:the_end
[14:43:58] [Server thread/INFO] (Minecraft) Saving chunks for level 'ServerLevel[New World]'/minecraft:the_nether
[14:44:13] [Server thread/INFO] (Minecraft) TGdoesCode lost connection: Disconnected
[14:44:13] [Server thread/INFO] (Minecraft) TGdoesCode left the game
[14:44:13] [Server thread/INFO] (Minecraft) Stopping singleplayer server as player logged out
[14:44:13] [Server thread/INFO] (Minecraft) Stopping server
[14:44:13] [Server thread/INFO] (Minecraft) Saving players
[14:44:13] [Server thread/INFO] (Minecraft) Saving worlds
[14:44:13] [Server thread/INFO] (Minecraft) Saving chunks for level 'ServerLevel[New World]'/minecraft:overworld
[14:44:14] [Server thread/INFO] (Minecraft) Saving chunks for level 'ServerLevel[New World]'/minecraft:the_end
[14:44:14] [Server thread/INFO] (Minecraft) Saving chunks for level 'ServerLevel[New World]'/minecraft:the_nether
[14:44:14] [Server thread/INFO] (Minecraft) ThreadedAnvilChunkStorage (New World): All chunks are saved
[14:44:14] [Server thread/INFO] (Minecraft) ThreadedAnvilChunkStorage (DIM1): All chunks are saved
[14:44:14] [Server thread/INFO] (Minecraft) ThreadedAnvilChunkStorage (DIM-1): All chunks are saved
[14:44:14] [Server thread/INFO] (Minecraft) ThreadedAnvilChunkStorage: All dimensions are saved
[14:44:15] [Render thread/INFO] (Minecraft) Stopping!
